<!DOCTYPE html PUBLIC "-//W3C//DTD XHTML 1.1//EN" "https://www.w3.org/TR/xhtml11/DTD/xhtml11.dtd">
<html xmlns="https://www.w3.org/1999/xhtml">
<head>
<meta http-equiv="content-type" content="text/html; charset=UTF-8"/>
<title>TestNG Report</title>
<style type="text/css">table {margin-bottom:10px;border-collapse:collapse;empty-cells:show}th,td {border:1px solid #009;padding:.25em .5em}th {vertical-align:bottom}td {vertical-align:top}table a {font-weight:bold}.stripe td {background-color: #E6EBF9}.num {text-align:right}.passedodd td {background-color: #3F3}.passedeven td {background-color: #0A0}.skippedodd td {background-color: #DDD}.skippedeven td {background-color: #CCC}.failedodd td,.attn {background-color: #F33}.failedeven td,.stripe .attn {background-color: #D00}.stacktrace {white-space:pre;font-family:monospace}.totop {font-size:85%;text-align:center;border-bottom:2px solid #000}.invisible {display:none}</style>
</head>
<body>
<table>
<tr><th>Test</th><th># Passed</th><th># Skipped</th><th># Retried</th><th># Failed</th><th>Time (ms)</th><th>Included Groups</th><th>Excluded Groups</th></tr>
<tr><th colspan="8">Suite</th></tr>
<tr><td><a href="#t0">OrangeHrmProject</a></td><td class="num">1</td><td class="num">0</td><td class="num">0</td><td class="num attn">5</td><td class="num">100,062</td><td></td><td></td></tr>
<tr class="stripe"><td><a href="#t1">OrangeHrmProject1</a></td><td class="num">1</td><td class="num">0</td><td class="num">0</td><td class="num">0</td><td class="num">33,351</td><td></td><td></td></tr>
<tr><th>Total</th><th class="num">2</th><th class="num">0</th><th class="num">0</th><th class="num attn">5</th><th class="num">133,413</th><th colspan="2"></th></tr>
</table>
<table id='summary'><thead><tr><th>Class</th><th>Method</th><th>Start</th><th>Time (ms)</th></tr></thead><tbody><tr><th colspan="4">Suite</th></tr></tbody><tbody id="t0"><tr><th colspan="4">OrangeHrmProject &#8212; failed</th></tr><tr class="failedeven"><td rowspan="5">com.OrangeHrm.testCases.TC_TestCaseLogin_001</td><td><a href="#m0">loginTest</a></td><td rowspan="5">1726637030055</td><td rowspan="5">10472</td></tr><tr class="failedeven"><td><a href="#m1">loginTest</a></td></tr><tr class="failedeven"><td><a href="#m2">loginTest</a></td></tr><tr class="failedeven"><td><a href="#m3">loginTest</a></td></tr><tr class="failedeven"><td><a href="#m4">loginTest</a></td></tr><tr><th colspan="4">OrangeHrmProject &#8212; passed</th></tr><tr class="passedeven"><td rowspan="1">com.OrangeHrm.testCases.TC_TestCaseLogin_001</td><td><a href="#m5">loginTest</a></td><td rowspan="1">1726636956996</td><td rowspan="1">22928</td></tr></tbody>
<tbody id="t1"><tr><th colspan="4">OrangeHrmProject1 &#8212; passed</th></tr><tr class="passedeven"><td rowspan="1">com.OrangeHrm.testCases.TC_TestCaseLogin_002</td><td><a href="#m6">test</a></td><td rowspan="1">1726637054431</td><td rowspan="1">30910</td></tr></tbody>
</table>
<h2>OrangeHrmProject</h2><h3 id="m0">com.OrangeHrm.testCases.TC_TestCaseLogin_001#loginTest</h3><table class="result"><tr class="param"><th>Parameter #1</th><th>Parameter #2</th></tr><tr class="param stripe"><td>Admin</td><td></td></tr><tr><th colspan="2">Exception</th></tr><tr><td colspan="2"><div class="stacktrace">org.openqa.selenium.NoSuchElementException: no such element: Unable to locate element: {&quot;method&quot;:&quot;xpath&quot;,&quot;selector&quot;:&quot;//input[@placeholder=&apos;Username&apos;]&quot;}
  (Session info: chrome=128.0.6613.138)
For documentation on this error, please visit: https://www.selenium.dev/documentation/webdriver/troubleshooting/errors#no-such-element-exception
Build info: version: &apos;4.24.0&apos;, revision: &apos;748ffc9bc3&apos;
System info: os.name: &apos;Windows 10&apos;, os.arch: &apos;amd64&apos;, os.version: &apos;10.0&apos;, java.version: &apos;22.0.1&apos;
Driver info: org.openqa.selenium.chrome.ChromeDriver
Command: [6aabb05b644cc47769e23917c733e29b, findElement {using=xpath, value=//input[@placeholder=&apos;Username&apos;]}]
Capabilities {acceptInsecureCerts: false, browserName: chrome, browserVersion: 128.0.6613.138, chrome: {chromedriverVersion: 128.0.6613.137 (fe621c5aa2d..., userDataDir: C:\Users\ADMIN\AppData\Loca...}, fedcm:accounts: true, goog:chromeOptions: {debuggerAddress: localhost:50688}, networkConnectionEnabled: false, pageLoadStrategy: normal, platformName: windows, proxy: Proxy(), se:cdp: ws://localhost:50688/devtoo..., se:cdpVersion: 128.0.6613.138, setWindowRect: true, strictFileInteractability: false, timeouts: {implicit: 0, pageLoad: 300000, script: 30000}, unhandledPromptBehavior: dismiss and notify, webauthn:extension:credBlob: true, webauthn:extension:largeBlob: true, webauthn:extension:minPinLength: true, webauthn:extension:prf: true, webauthn:virtualAuthenticators: true}
Session ID: 6aabb05b644cc47769e23917c733e29b
	at org.openqa.selenium.remote.ErrorCodec.decode(ErrorCodec.java:167)
	at org.openqa.selenium.remote.codec.w3c.W3CHttpResponseCodec.decode(W3CHttpResponseCodec.java:138)
	at org.openqa.selenium.remote.codec.w3c.W3CHttpResponseCodec.decode(W3CHttpResponseCodec.java:50)
	at org.openqa.selenium.remote.HttpCommandExecutor.execute(HttpCommandExecutor.java:190)
	at org.openqa.selenium.remote.service.DriverCommandExecutor.invokeExecute(DriverCommandExecutor.java:216)
	at org.openqa.selenium.remote.service.DriverCommandExecutor.execute(DriverCommandExecutor.java:174)
	at org.openqa.selenium.remote.RemoteWebDriver.execute(RemoteWebDriver.java:545)
	at org.openqa.selenium.remote.ElementLocation$ElementFinder$2.findElement(ElementLocation.java:165)
	at org.openqa.selenium.remote.ElementLocation.findElement(ElementLocation.java:59)
	at org.openqa.selenium.remote.RemoteWebDriver.findElement(RemoteWebDriver.java:368)
	at org.openqa.selenium.remote.RemoteWebDriver.findElement(RemoteWebDriver.java:362)
	at org.openqa.selenium.support.pagefactory.DefaultElementLocator.findElement(DefaultElementLocator.java:68)
	at org.openqa.selenium.support.pagefactory.internal.LocatingElementHandler.invoke(LocatingElementHandler.java:38)
	at jdk.proxy2/jdk.proxy2.$Proxy14.sendKeys(Unknown Source)
	at com.OrangeHrm.pageObjects.LoginPage.setUsername(LoginPage.java:29)
	at com.OrangeHrm.testCases.TC_TestCaseLogin_001.loginTest(TC_TestCaseLogin_001.java:17)
	at java.base/java.util.ArrayList.forEach(ArrayList.java:1597)
... Removed 32 stack frames</div></td></tr></table><p class="totop"><a href="#summary">back to summary</a></p>
<h3 id="m1">com.OrangeHrm.testCases.TC_TestCaseLogin_001#loginTest</h3><table class="result"><tr class="param"><th>Parameter #1</th><th>Parameter #2</th></tr><tr class="param stripe"><td>Admin</td><td>radmun</td></tr><tr><th colspan="2">Exception</th></tr><tr><td colspan="2"><div class="stacktrace">java.lang.AssertionError: expected [true] but found [false]
	at com.OrangeHrm.testCases.TC_TestCaseLogin_001.loginTest(TC_TestCaseLogin_001.java:35)
	at java.base/java.util.ArrayList.forEach(ArrayList.java:1597)
... Removed 33 stack frames</div></td></tr></table><p class="totop"><a href="#summary">back to summary</a></p>
<h3 id="m2">com.OrangeHrm.testCases.TC_TestCaseLogin_001#loginTest</h3><table class="result"><tr class="param"><th>Parameter #1</th><th>Parameter #2</th></tr><tr class="param stripe"><td>minadq</td><td>admin123</td></tr><tr><th colspan="2">Exception</th></tr><tr><td colspan="2"><div class="stacktrace">java.lang.AssertionError: expected [true] but found [false]
	at com.OrangeHrm.testCases.TC_TestCaseLogin_001.loginTest(TC_TestCaseLogin_001.java:35)
	at java.base/java.util.ArrayList.forEach(ArrayList.java:1597)
... Removed 33 stack frames</div></td></tr></table><p class="totop"><a href="#summary">back to summary</a></p>
<h3 id="m3">com.OrangeHrm.testCases.TC_TestCaseLogin_001#loginTest</h3><table class="result"><tr class="param"><th>Parameter #1</th><th>Parameter #2</th></tr><tr class="param stripe"><td>abbmin</td><td>skijwjh</td></tr><tr><th colspan="2">Exception</th></tr><tr><td colspan="2"><div class="stacktrace">java.lang.AssertionError: expected [true] but found [false]
	at com.OrangeHrm.testCases.TC_TestCaseLogin_001.loginTest(TC_TestCaseLogin_001.java:35)
	at java.base/java.util.ArrayList.forEach(ArrayList.java:1597)
... Removed 33 stack frames</div></td></tr></table><p class="totop"><a href="#summary">back to summary</a></p>
<h3 id="m4">com.OrangeHrm.testCases.TC_TestCaseLogin_001#loginTest</h3><table class="result"><tr class="param"><th>Parameter #1</th><th>Parameter #2</th></tr><tr class="param stripe"><td></td><td>admin123</td></tr><tr><th colspan="2">Exception</th></tr><tr><td colspan="2"><div class="stacktrace">org.openqa.selenium.NoSuchElementException: no such element: Unable to locate element: {&quot;method&quot;:&quot;xpath&quot;,&quot;selector&quot;:&quot;//input[@placeholder=&apos;Username&apos;]&quot;}
  (Session info: chrome=128.0.6613.138)
For documentation on this error, please visit: https://www.selenium.dev/documentation/webdriver/troubleshooting/errors#no-such-element-exception
Build info: version: &apos;4.24.0&apos;, revision: &apos;748ffc9bc3&apos;
System info: os.name: &apos;Windows 10&apos;, os.arch: &apos;amd64&apos;, os.version: &apos;10.0&apos;, java.version: &apos;22.0.1&apos;
Driver info: org.openqa.selenium.chrome.ChromeDriver
Command: [6aabb05b644cc47769e23917c733e29b, findElement {using=xpath, value=//input[@placeholder=&apos;Username&apos;]}]
Capabilities {acceptInsecureCerts: false, browserName: chrome, browserVersion: 128.0.6613.138, chrome: {chromedriverVersion: 128.0.6613.137 (fe621c5aa2d..., userDataDir: C:\Users\ADMIN\AppData\Loca...}, fedcm:accounts: true, goog:chromeOptions: {debuggerAddress: localhost:50688}, networkConnectionEnabled: false, pageLoadStrategy: normal, platformName: windows, proxy: Proxy(), se:cdp: ws://localhost:50688/devtoo..., se:cdpVersion: 128.0.6613.138, setWindowRect: true, strictFileInteractability: false, timeouts: {implicit: 0, pageLoad: 300000, script: 30000}, unhandledPromptBehavior: dismiss and notify, webauthn:extension:credBlob: true, webauthn:extension:largeBlob: true, webauthn:extension:minPinLength: true, webauthn:extension:prf: true, webauthn:virtualAuthenticators: true}
Session ID: 6aabb05b644cc47769e23917c733e29b
	at org.openqa.selenium.remote.ErrorCodec.decode(ErrorCodec.java:167)
	at org.openqa.selenium.remote.codec.w3c.W3CHttpResponseCodec.decode(W3CHttpResponseCodec.java:138)
	at org.openqa.selenium.remote.codec.w3c.W3CHttpResponseCodec.decode(W3CHttpResponseCodec.java:50)
	at org.openqa.selenium.remote.HttpCommandExecutor.execute(HttpCommandExecutor.java:190)
	at org.openqa.selenium.remote.service.DriverCommandExecutor.invokeExecute(DriverCommandExecutor.java:216)
	at org.openqa.selenium.remote.service.DriverCommandExecutor.execute(DriverCommandExecutor.java:174)
	at org.openqa.selenium.remote.RemoteWebDriver.execute(RemoteWebDriver.java:545)
	at org.openqa.selenium.remote.ElementLocation$ElementFinder$2.findElement(ElementLocation.java:165)
	at org.openqa.selenium.remote.ElementLocation.findElement(ElementLocation.java:59)
	at org.openqa.selenium.remote.RemoteWebDriver.findElement(RemoteWebDriver.java:368)
	at org.openqa.selenium.remote.RemoteWebDriver.findElement(RemoteWebDriver.java:362)
	at org.openqa.selenium.support.pagefactory.DefaultElementLocator.findElement(DefaultElementLocator.java:68)
	at org.openqa.selenium.support.pagefactory.internal.LocatingElementHandler.invoke(LocatingElementHandler.java:38)
	at jdk.proxy2/jdk.proxy2.$Proxy14.sendKeys(Unknown Source)
	at com.OrangeHrm.pageObjects.LoginPage.setUsername(LoginPage.java:29)
	at com.OrangeHrm.testCases.TC_TestCaseLogin_001.loginTest(TC_TestCaseLogin_001.java:17)
	at java.base/java.util.ArrayList.forEach(ArrayList.java:1597)
... Removed 32 stack frames</div></td></tr></table><p class="totop"><a href="#summary">back to summary</a></p>
<h3 id="m5">com.OrangeHrm.testCases.TC_TestCaseLogin_001#loginTest</h3><table class="result"><tr class="param"><th>Parameter #1</th><th>Parameter #2</th></tr><tr class="param stripe"><td>Admin</td><td>admin123</td></tr></table><p class="totop"><a href="#summary">back to summary</a></p>
<h2>OrangeHrmProject1</h2><h3 id="m6">com.OrangeHrm.testCases.TC_TestCaseLogin_002#test</h3><table class="result"><tr><th class="invisible"/></tr></table><p class="totop"><a href="#summary">back to summary</a></p>
</body>
</html>
